<?xml version="1.0" encoding="UTF-8"?>
<!-- Generated by org.testng.reporters.JUnitXMLReporter -->
<testsuite ignored="2" hostname="Testing2" failures="0" tests="1" name="Default test" time="97.752" errors="0" timestamp="2025-11-15T18:44:43 IST">
  <testcase classname="Transcation.transcationRouteDefine" name="getRout" time="66.806"/>
  <testcase classname="Transcation.transcationRouteDefine" name="routeAdd" time="0.0">
    <ignored/>
  </testcase> <!-- routeAdd -->
  <testcase classname="Base.java.baseLoginTest" name="testLogin" time="0.0">
    <ignored/>
  </testcase> <!-- testLogin -->
</testsuite> <!-- Default test -->
