<?xml version="1.0" encoding="UTF-8"?>
<testng-results ignored="0" total="1" passed="1" failed="0" skipped="0">
  <reporter-output>
  </reporter-output>
  <suite started-at="2025-12-06T17:40:06 IST" name="Default suite" finished-at="2025-12-06T17:41:11 IST" duration-ms="65382">
    <groups>
    </groups>
    <test started-at="2025-12-06T17:40:06 IST" name="Default test" finished-at="2025-12-06T17:41:11 IST" duration-ms="65382">
      <class name="transcation.Dashboard">
        <test-method is-config="true" signature="setUp()[pri:0, instance:transcation.Dashboard@661972b0]" started-at="2025-12-06T17:40:06 IST" name="setUp" finished-at="2025-12-06T17:40:08 IST" duration-ms="1945" status="PASS">
          <reporter-output>
          </reporter-output>
        </test-method> <!-- setUp -->
        <test-method signature="dashboard()[pri:0, instance:transcation.Dashboard@661972b0]" started-at="2025-12-06T17:40:08 IST" name="dashboard" finished-at="2025-12-06T17:41:01 IST" duration-ms="53431" status="PASS">
          <reporter-output>
          </reporter-output>
        </test-method> <!-- dashboard -->
        <test-method is-config="true" signature="logout()[pri:0, instance:transcation.Dashboard@661972b0]" started-at="2025-12-06T17:41:01 IST" name="logout" finished-at="2025-12-06T17:41:11 IST" duration-ms="9963" status="PASS">
          <reporter-output>
          </reporter-output>
        </test-method> <!-- logout -->
      </class> <!-- transcation.Dashboard -->
    </test> <!-- Default test -->
  </suite> <!-- Default suite -->
</testng-results>
