<?xml version="1.0" encoding="UTF-8"?>
<testng-results ignored="0" total="1" passed="1" failed="0" skipped="0">
  <reporter-output>
  </reporter-output>
  <suite started-at="2025-12-05T17:26:21 IST" name="Default suite" finished-at="2025-12-05T17:26:43 IST" duration-ms="22797">
    <groups>
    </groups>
    <test started-at="2025-12-05T17:26:21 IST" name="Default test" finished-at="2025-12-05T17:26:43 IST" duration-ms="22797">
      <class name="Help.LockScreen">
        <test-method is-config="true" signature="setUp()[pri:0, instance:Help.LockScreen@71809907]" started-at="2025-12-05T17:26:21 IST" name="setUp" finished-at="2025-12-05T17:26:25 IST" duration-ms="4372" status="PASS">
          <reporter-output>
          </reporter-output>
        </test-method> <!-- setUp -->
        <test-method signature="LockScreen()[pri:0, instance:Help.LockScreen@71809907]" started-at="2025-12-05T17:26:25 IST" name="LockScreen" finished-at="2025-12-05T17:26:43 IST" duration-ms="18379" status="PASS">
          <reporter-output>
          </reporter-output>
        </test-method> <!-- LockScreen -->
      </class> <!-- Help.LockScreen -->
    </test> <!-- Default test -->
  </suite> <!-- Default suite -->
</testng-results>
