<?xml version="1.0" encoding="UTF-8"?>
<testng-results ignored="0" total="1" passed="1" failed="0" skipped="0">
  <reporter-output>
  </reporter-output>
  <suite started-at="2025-12-04T17:25:02 IST" name="Default suite" finished-at="2025-12-04T17:26:09 IST" duration-ms="66966">
    <groups>
    </groups>
    <test started-at="2025-12-04T17:25:02 IST" name="Default test" finished-at="2025-12-04T17:26:09 IST" duration-ms="66966">
      <class name="report.AlertGridView">
        <test-method is-config="true" signature="setUp()[pri:0, instance:report.AlertGridView@71809907]" started-at="2025-12-04T17:25:02 IST" name="setUp" finished-at="2025-12-04T17:25:12 IST" duration-ms="9421" status="PASS">
          <reporter-output>
          </reporter-output>
        </test-method> <!-- setUp -->
        <test-method signature="AlertGridView()[pri:0, instance:report.AlertGridView@71809907]" started-at="2025-12-04T17:25:12 IST" name="AlertGridView" finished-at="2025-12-04T17:26:09 IST" duration-ms="57493" status="PASS">
          <reporter-output>
          </reporter-output>
        </test-method> <!-- AlertGridView -->
      </class> <!-- report.AlertGridView -->
    </test> <!-- Default test -->
  </suite> <!-- Default suite -->
</testng-results>
