<?xml version="1.0" encoding="UTF-8"?>
<testng-results ignored="0" total="1" passed="1" failed="0" skipped="0">
  <reporter-output>
  </reporter-output>
  <suite started-at="2025-11-27T17:07:40 IST" name="Default suite" finished-at="2025-11-27T17:07:57 IST" duration-ms="17390">
    <groups>
    </groups>
    <test started-at="2025-11-27T17:07:40 IST" name="Default test" finished-at="2025-11-27T17:07:57 IST" duration-ms="17390">
      <class name="Report.Devicemaster">
        <test-method is-config="true" signature="setUp()[pri:0, instance:Report.Devicemaster@5fdcaa40]" started-at="2025-11-27T17:07:40 IST" name="setUp" finished-at="2025-11-27T17:07:48 IST" duration-ms="7930" status="PASS">
          <reporter-output>
          </reporter-output>
        </test-method> <!-- setUp -->
        <test-method signature="getDevicemaster()[pri:0, instance:Report.Devicemaster@5fdcaa40]" started-at="2025-11-27T17:07:48 IST" name="getDevicemaster" finished-at="2025-11-27T17:07:57 IST" duration-ms="9425" status="PASS">
          <reporter-output>
          </reporter-output>
        </test-method> <!-- getDevicemaster -->
      </class> <!-- Report.Devicemaster -->
    </test> <!-- Default test -->
  </suite> <!-- Default suite -->
</testng-results>
