<?xml version="1.0" encoding="UTF-8"?>
<testng-results ignored="2" total="3" passed="1" failed="0" skipped="0">
  <reporter-output>
  </reporter-output>
  <suite started-at="2025-11-15T18:43:05 IST" name="Default suite" finished-at="2025-11-15T18:44:43 IST" duration-ms="97752">
    <groups>
    </groups>
    <test started-at="2025-11-15T18:43:05 IST" name="Default test" finished-at="2025-11-15T18:44:43 IST" duration-ms="97752">
      <class name="Transcation.transcationRouteDefine">
        <test-method is-config="true" signature="setUp()[pri:0, instance:Transcation.transcationRouteDefine@1afd44cb]" started-at="2025-11-15T18:43:05 IST" name="setUp" finished-at="2025-11-15T18:43:36 IST" duration-ms="30907" status="PASS">
          <reporter-output>
          </reporter-output>
        </test-method> <!-- setUp -->
        <test-method signature="getRout()[pri:0, instance:Transcation.transcationRouteDefine@1afd44cb]" started-at="2025-11-15T18:43:36 IST" name="getRout" finished-at="2025-11-15T18:44:43 IST" duration-ms="66806" status="PASS">
          <reporter-output>
          </reporter-output>
        </test-method> <!-- getRout -->
      </class> <!-- Transcation.transcationRouteDefine -->
    </test> <!-- Default test -->
  </suite> <!-- Default suite -->
</testng-results>
