<?xml version="1.0" encoding="UTF-8"?>
<testng-results ignored="0" total="1" passed="1" failed="0" skipped="0">
  <reporter-output>
  </reporter-output>
  <suite started-at="2025-11-13T18:34:29 IST" name="Default suite" finished-at="2025-11-13T18:35:16 IST" duration-ms="47056">
    <groups>
    </groups>
    <test started-at="2025-11-13T18:34:29 IST" name="Default test" finished-at="2025-11-13T18:35:16 IST" duration-ms="47056">
      <class name="Transcation.transcationVtshistory">
        <test-method is-config="true" signature="setUp()[pri:0, instance:Transcation.transcationVtshistory@192d43ce]" started-at="2025-11-13T18:34:29 IST" name="setUp" finished-at="2025-11-13T18:34:43 IST" duration-ms="14231" status="PASS">
          <reporter-output>
          </reporter-output>
        </test-method> <!-- setUp -->
        <test-method signature="vtshistory()[pri:0, instance:Transcation.transcationVtshistory@192d43ce]" started-at="2025-11-13T18:34:43 IST" name="vtshistory" finished-at="2025-11-13T18:35:16 IST" duration-ms="32795" status="PASS">
          <reporter-output>
          </reporter-output>
        </test-method> <!-- vtshistory -->
      </class> <!-- Transcation.transcationVtshistory -->
    </test> <!-- Default test -->
  </suite> <!-- Default suite -->
</testng-results>
