<?xml version="1.0" encoding="UTF-8"?>
<testng-results ignored="0" total="1" passed="1" failed="0" skipped="0">
  <reporter-output>
  </reporter-output>
  <suite started-at="2025-11-14T18:34:51 IST" name="Default suite" finished-at="2025-11-14T18:35:29 IST" duration-ms="38045">
    <groups>
    </groups>
    <test started-at="2025-11-14T18:34:51 IST" name="Default test" finished-at="2025-11-14T18:35:29 IST" duration-ms="38045">
      <class name="Transcation.transcationVtsGet">
        <test-method is-config="true" signature="setUp()[pri:0, instance:Transcation.transcationVtsGet@393671df]" started-at="2025-11-14T18:34:51 IST" name="setUp" finished-at="2025-11-14T18:34:56 IST" duration-ms="4351" status="PASS">
          <reporter-output>
          </reporter-output>
        </test-method> <!-- setUp -->
        <test-method signature="vtsget()[pri:0, instance:Transcation.transcationVtsGet@393671df]" started-at="2025-11-14T18:34:56 IST" name="vtsget" finished-at="2025-11-14T18:35:29 IST" duration-ms="33637" status="PASS">
          <reporter-output>
          </reporter-output>
        </test-method> <!-- vtsget -->
      </class> <!-- Transcation.transcationVtsGet -->
    </test> <!-- Default test -->
  </suite> <!-- Default suite -->
</testng-results>
