<?xml version="1.0" encoding="UTF-8"?>
<testng-results ignored="0" total="1" passed="1" failed="0" skipped="0">
  <reporter-output>
  </reporter-output>
  <suite started-at="2025-11-25T18:27:40 IST" name="Default suite" finished-at="2025-11-25T18:27:57 IST" duration-ms="16867">
    <groups>
    </groups>
    <test started-at="2025-11-25T18:27:40 IST" name="Default test" finished-at="2025-11-25T18:27:57 IST" duration-ms="16867">
      <class name="Utility.UtilityPassword">
        <test-method is-config="true" signature="setUp()[pri:0, instance:Utility.UtilityPassword@6e20b53a]" started-at="2025-11-25T18:27:40 IST" name="setUp" finished-at="2025-11-25T18:27:46 IST" duration-ms="5600" status="PASS">
          <reporter-output>
          </reporter-output>
        </test-method> <!-- setUp -->
        <test-method signature="getPassword()[pri:0, instance:Utility.UtilityPassword@6e20b53a]" started-at="2025-11-25T18:27:46 IST" name="getPassword" finished-at="2025-11-25T18:27:57 IST" duration-ms="11233" status="PASS">
          <reporter-output>
          </reporter-output>
        </test-method> <!-- getPassword -->
      </class> <!-- Utility.UtilityPassword -->
    </test> <!-- Default test -->
  </suite> <!-- Default suite -->
</testng-results>
