<?xml version="1.0" encoding="UTF-8"?>
<testng-results ignored="0" total="1" passed="1" failed="0" skipped="0">
  <reporter-output>
  </reporter-output>
  <suite started-at="2025-11-29T17:43:23 IST" name="Default suite" finished-at="2025-11-29T17:44:03 IST" duration-ms="40051">
    <groups>
    </groups>
    <test started-at="2025-11-29T17:43:23 IST" name="Default test" finished-at="2025-11-29T17:44:03 IST" duration-ms="40051">
      <class name="Report.DatewiseTravelHistory">
        <test-method is-config="true" signature="setUp()[pri:0, instance:Report.DatewiseTravelHistory@4d5650ae]" started-at="2025-11-29T17:43:23 IST" name="setUp" finished-at="2025-11-29T17:43:31 IST" duration-ms="8079" status="PASS">
          <reporter-output>
          </reporter-output>
        </test-method> <!-- setUp -->
        <test-method signature="Overspeed()[pri:0, instance:Report.DatewiseTravelHistory@4d5650ae]" started-at="2025-11-29T17:43:31 IST" name="Overspeed" finished-at="2025-11-29T17:44:03 IST" duration-ms="31929" status="PASS">
          <reporter-output>
          </reporter-output>
        </test-method> <!-- Overspeed -->
      </class> <!-- Report.DatewiseTravelHistory -->
    </test> <!-- Default test -->
  </suite> <!-- Default suite -->
</testng-results>
