<?xml version="1.0" encoding="UTF-8"?>
<testng-results ignored="0" total="1" passed="1" failed="0" skipped="0">
  <reporter-output>
  </reporter-output>
  <suite started-at="2025-12-08T15:11:29 IST" name="Default suite" finished-at="2025-12-08T15:12:19 IST" duration-ms="50455">
    <groups>
    </groups>
    <test started-at="2025-12-08T15:11:29 IST" name="Default test" finished-at="2025-12-08T15:12:19 IST" duration-ms="50455">
      <class name="transcation.TransactionRouteDefine">
        <test-method is-config="true" signature="setUp()[pri:0, instance:transcation.TransactionRouteDefine@158da8e]" started-at="2025-12-08T15:11:29 IST" name="setUp" finished-at="2025-12-08T15:11:32 IST" duration-ms="2975" status="PASS">
          <reporter-output>
          </reporter-output>
        </test-method> <!-- setUp -->
        <test-method signature="createRouteTest()[pri:0, instance:transcation.TransactionRouteDefine@158da8e]" started-at="2025-12-08T15:11:32 IST" name="createRouteTest" finished-at="2025-12-08T15:12:05 IST" duration-ms="33687" status="PASS">
          <reporter-output>
          </reporter-output>
        </test-method> <!-- createRouteTest -->
        <test-method is-config="true" signature="logout()[pri:0, instance:transcation.TransactionRouteDefine@158da8e]" started-at="2025-12-08T15:12:05 IST" name="logout" finished-at="2025-12-08T15:12:19 IST" duration-ms="13747" status="PASS">
          <reporter-output>
          </reporter-output>
        </test-method> <!-- logout -->
      </class> <!-- transcation.TransactionRouteDefine -->
    </test> <!-- Default test -->
  </suite> <!-- Default suite -->
</testng-results>
