<?xml version="1.0" encoding="UTF-8"?>
<testng-results ignored="0" total="1" passed="1" failed="0" skipped="0">
  <reporter-output>
  </reporter-output>
  <suite started-at="2025-11-24T13:19:38 IST" name="Default suite" finished-at="2025-11-24T13:19:56 IST" duration-ms="17937">
    <groups>
    </groups>
    <test started-at="2025-11-24T13:19:38 IST" name="Default test" finished-at="2025-11-24T13:19:56 IST" duration-ms="17937">
      <class name="Transcation.transcationPointinterest">
        <test-method is-config="true" signature="setUp()[pri:0, instance:Transcation.transcationPointinterest@7fa98a66]" started-at="2025-11-24T13:19:38 IST" name="setUp" finished-at="2025-11-24T13:19:40 IST" duration-ms="2104" status="PASS">
          <reporter-output>
          </reporter-output>
        </test-method> <!-- setUp -->
        <test-method signature="getInterestCreate()[pri:0, instance:Transcation.transcationPointinterest@7fa98a66]" started-at="2025-11-24T13:19:40 IST" name="getInterestCreate" finished-at="2025-11-24T13:19:56 IST" duration-ms="15802" status="PASS">
          <reporter-output>
          </reporter-output>
        </test-method> <!-- getInterestCreate -->
      </class> <!-- Transcation.transcationPointinterest -->
    </test> <!-- Default test -->
  </suite> <!-- Default suite -->
</testng-results>
