<?xml version="1.0" encoding="UTF-8"?>
<testng-results ignored="0" total="1" passed="1" failed="0" skipped="0">
  <reporter-output>
  </reporter-output>
  <suite started-at="2025-11-20T18:12:29 IST" name="Default suite" finished-at="2025-11-20T18:13:26 IST" duration-ms="57100">
    <groups>
    </groups>
    <test started-at="2025-11-20T18:12:29 IST" name="Default test" finished-at="2025-11-20T18:13:26 IST" duration-ms="57100">
      <class name="Transcation.transcationDashboard">
        <test-method is-config="true" signature="setUp()[pri:0, instance:Transcation.transcationDashboard@32eff876]" started-at="2025-11-20T18:12:29 IST" name="setUp" finished-at="2025-11-20T18:12:33 IST" duration-ms="4402" status="PASS">
          <reporter-output>
          </reporter-output>
        </test-method> <!-- setUp -->
        <test-method signature="dashboard()[pri:0, instance:Transcation.transcationDashboard@32eff876]" started-at="2025-11-20T18:12:33 IST" name="dashboard" finished-at="2025-11-20T18:13:26 IST" duration-ms="52650" status="PASS">
          <reporter-output>
          </reporter-output>
        </test-method> <!-- dashboard -->
      </class> <!-- Transcation.transcationDashboard -->
    </test> <!-- Default test -->
  </suite> <!-- Default suite -->
</testng-results>
