<?xml version="1.0" encoding="UTF-8"?>
<!-- Generated by org.testng.reporters.JUnitReportReporter -->
<testsuite hostname="Testing2" failures="0" tests="2" name="Transcation.transcationVtsGetGeofences" time="39.239" errors="0" timestamp="2025-11-18T17:54:42 IST" skipped="0">
  <testcase classname="Transcation.transcationVtsGetGeofences" name="testLogin" time="5.836"/>
  <system-out/>
  <testcase classname="Transcation.transcationVtsGetGeofences" name="addgeofence" time="33.403"/>
  <system-out/>
</testsuite> <!-- Transcation.transcationVtsGetGeofences -->
