<?xml version="1.0" encoding="UTF-8"?>
<!-- Generated by org.testng.reporters.JUnitReportReporter -->
<testsuite hostname="Testing2" failures="0" tests="2" name="masterMenu.SubscriptionSetting" time="109.690" errors="0" timestamp="2025-12-08T11:14:14 IST" skipped="0">
  <testcase classname="masterMenu.SubscriptionSetting" name="addSubscription" time="58.322"/>
  <system-out/>
  <testcase classname="masterMenu.SubscriptionSetting" name="addSubscription" time="51.368"/>
  <system-out/>
</testsuite> <!-- masterMenu.SubscriptionSetting -->
