<?xml version="1.0" encoding="UTF-8"?>
<!-- Generated by org.testng.reporters.JUnitReportReporter -->
<testsuite hostname="Testing2" failures="0" tests="2" name="masterMenu.DriverEntryMaster" time="54.231" errors="0" timestamp="2025-12-06T17:36:31 IST" skipped="1">
  <testcase classname="masterMenu.DriverEntryMaster" name="driverAdd" time="54.231"/>
  <system-out/>
  <testcase classname="masterMenu.DriverEntryMaster" name="driverEdit">
    <skipped/>
  </testcase> <!-- driverEdit -->
  <system-out/>
</testsuite> <!-- masterMenu.DriverEntryMaster -->
