<?xml version="1.0" encoding="UTF-8"?>
<!-- Generated by org.testng.reporters.JUnitReportReporter -->
<testsuite hostname="Testing2" failures="0" tests="2" name="masterMenu.SubscriptionSetting" time="81.961" errors="0" timestamp="2025-12-06T17:38:02 IST" skipped="0">
  <testcase classname="masterMenu.SubscriptionSetting" name="addSubscription" time="41.840"/>
  <system-out/>
  <testcase classname="masterMenu.SubscriptionSetting" name="addSubscription" time="40.121"/>
  <system-out/>
</testsuite> <!-- masterMenu.SubscriptionSetting -->
